c:\users\jakub\desktop\opengl_test - copy\x64\debug\glfw3.dll
c:\users\jakub\desktop\opengl_test - copy\x64\debug\fmtd.dll
c:\users\jakub\desktop\opengl_test - copy\opengl_gravitysim\x64\debug\vc143.pdb
c:\users\jakub\desktop\opengl_test - copy\opengl_gravitysim\x64\debug\vc143.idb
c:\users\jakub\desktop\opengl_test - copy\opengl_gravitysim\x64\debug\window.obj
c:\users\jakub\desktop\opengl_test - copy\opengl_gravitysim\x64\debug\stb.obj
c:\users\jakub\desktop\opengl_test - copy\opengl_gravitysim\x64\debug\main.obj
c:\users\jakub\desktop\opengl_test - copy\opengl_gravitysim\x64\debug\shader.obj
c:\users\jakub\desktop\opengl_test - copy\opengl_gravitysim\x64\debug\mouse.obj
c:\users\jakub\desktop\opengl_test - copy\opengl_gravitysim\x64\debug\keyboard.obj
c:\users\jakub\desktop\opengl_test - copy\opengl_gravitysim\x64\debug\joystick.obj
c:\users\jakub\desktop\opengl_test - copy\opengl_gravitysim\x64\debug\sphere.obj
c:\users\jakub\desktop\opengl_test - copy\opengl_gravitysim\x64\debug\cube.obj
c:\users\jakub\desktop\opengl_test - copy\opengl_gravitysim\x64\debug\bing_engine_3d.ilk
c:\users\jakub\desktop\opengl_test - copy\x64\debug\bing_engine_3d.exe
c:\users\jakub\desktop\opengl_test - copy\x64\debug\bing_engine_3d.pdb
c:\users\jakub\desktop\opengl_test - copy\bing_engine_3d\x64\debug\cube.obj
c:\users\jakub\desktop\opengl_test - copy\bing_engine_3d\x64\debug\joystick.obj
c:\users\jakub\desktop\opengl_test - copy\bing_engine_3d\x64\debug\keyboard.obj
c:\users\jakub\desktop\opengl_test - copy\bing_engine_3d\x64\debug\main.obj
c:\users\jakub\desktop\opengl_test - copy\bing_engine_3d\x64\debug\mouse.obj
c:\users\jakub\desktop\opengl_test - copy\bing_engine_3d\x64\debug\shader.obj
c:\users\jakub\desktop\opengl_test - copy\bing_engine_3d\x64\debug\sphere.obj
c:\users\jakub\desktop\opengl_test - copy\bing_engine_3d\x64\debug\stb.obj
c:\users\jakub\desktop\opengl_test - copy\bing_engine_3d\x64\debug\window.obj
c:\users\jakub\desktop\opengl_test - copy\bing_engine_3d\x64\debug\bing_engine_3d.ilk
c:\users\jakub\desktop\opengl_test - copy\bing_engine_3d\x64\debug\vc143.idb
c:\users\jakub\desktop\opengl_test - copy\bing_engine_3d\x64\debug\vc143.pdb
c:\users\jakub\desktop\opengl_test - copy\bing_engine_3d\x64\debug\bing_engine_3d.tlog\bing_engine_3d.write.1u.tlog
c:\users\jakub\desktop\opengl_test - copy\bing_engine_3d\x64\debug\bing_engine_3d.tlog\cl.command.1.tlog
c:\users\jakub\desktop\opengl_test - copy\bing_engine_3d\x64\debug\bing_engine_3d.tlog\cl.read.1.tlog
c:\users\jakub\desktop\opengl_test - copy\bing_engine_3d\x64\debug\bing_engine_3d.tlog\cl.write.1.tlog
c:\users\jakub\desktop\opengl_test - copy\bing_engine_3d\x64\debug\bing_engine_3d.tlog\link.command.1.tlog
c:\users\jakub\desktop\opengl_test - copy\bing_engine_3d\x64\debug\bing_engine_3d.tlog\link.read.1.tlog
c:\users\jakub\desktop\opengl_test - copy\bing_engine_3d\x64\debug\bing_engine_3d.tlog\link.write.1.tlog
