g:\cpp\opengl_gravitysim\opengl_gravitysim\x64\debug\vc143.pdb
g:\cpp\opengl_gravitysim\opengl_gravitysim\x64\debug\vc143.idb
g:\cpp\opengl_gravitysim\opengl_gravitysim\x64\debug\main.obj
g:\cpp\opengl_gravitysim\opengl_gravitysim\x64\debug\shader.obj
g:\cpp\opengl_gravitysim\opengl_gravitysim\x64\debug\stb.obj
c:\users\jakub\desktop\opengl_test\opengl_gravitysim\x64\debug\vc143.pdb
c:\users\jakub\desktop\opengl_test\opengl_gravitysim\x64\debug\vc143.idb
c:\users\jakub\desktop\opengl_test\opengl_gravitysim\x64\debug\stb.obj
c:\users\jakub\desktop\opengl_test\opengl_gravitysim\x64\debug\main.obj
c:\users\jakub\desktop\opengl_test\opengl_gravitysim\x64\debug\shader.obj
c:\users\jakub\desktop\opengl_test\opengl_gravitysim\x64\debug\keyboard.obj
c:\users\jakub\desktop\opengl_test\opengl_gravitysim\x64\debug\joystick.obj
c:\users\jakub\desktop\opengl_test\opengl_gravitysim\x64\debug\mouse.obj
c:\users\jakub\desktop\opengl_test - copy\opengl_gravitysim\x64\debug\vc143.pdb
c:\users\jakub\desktop\opengl_test - copy\opengl_gravitysim\x64\debug\vc143.idb
c:\users\jakub\desktop\opengl_test - copy\opengl_gravitysim\x64\debug\stb.obj
c:\users\jakub\desktop\opengl_test - copy\opengl_gravitysim\x64\debug\main.obj
c:\users\jakub\desktop\opengl_test - copy\opengl_gravitysim\x64\debug\shader.obj
c:\users\jakub\desktop\opengl_test - copy\opengl_gravitysim\x64\debug\mouse.obj
c:\users\jakub\desktop\opengl_test - copy\opengl_gravitysim\x64\debug\keyboard.obj
c:\users\jakub\desktop\opengl_test - copy\opengl_gravitysim\x64\debug\joystick.obj
c:\users\jakub\desktop\opengl_test - copy\opengl_gravitysim\x64\debug\sphere.obj
c:\users\jakub\desktop\opengl_test - copy\opengl_gravitysim\x64\debug\window.obj
c:\users\jakub\desktop\opengl_test - copy\opengl_gravitysim\x64\debug\cube.obj
g:\cpp\opengl_gravitysim\x64\debug\opengl_gravitysim.exe
g:\cpp\opengl_gravitysim\opengl_gravitysim\x64\debug\opengl_gravitysim.ilk
g:\cpp\opengl_gravitysim\x64\debug\opengl_gravitysim.pdb
c:\users\jakub\desktop\opengl_test\x64\debug\opengl_gravitysim.exe
c:\users\jakub\desktop\opengl_test\opengl_gravitysim\x64\debug\opengl_gravitysim.ilk
c:\users\jakub\desktop\opengl_test\x64\debug\opengl_gravitysim.pdb
c:\users\jakub\desktop\opengl_test - copy\x64\debug\opengl_gravitysim.exe
c:\users\jakub\desktop\opengl_test - copy\opengl_gravitysim\x64\debug\opengl_gravitysim.ilk
c:\users\jakub\desktop\opengl_test - copy\x64\debug\opengl_gravitysim.pdb
c:\users\jakub\desktop\opengl_test\x64\debug\fmtd.dll
g:\cpp\opengl_gravitysim\x64\debug\fmtd.dll
c:\users\jakub\desktop\opengl_test\x64\debug\glfw3.dll
c:\users\jakub\desktop\opengl_test - copy\x64\debug\glfw3.dll
c:\users\jakub\desktop\opengl_test - copy\x64\debug\fmtd.dll
c:\users\jakub\desktop\opengl_test - copy\opengl_gravitysim\x64\debug\opengl_gravitysim.vcxproj.assemblyreference.cache
c:\users\jakub\desktop\opengl_test - copy\opengl_gravitysim\x64\debug\opengl_gravitysim.vcxproj.suggestedbindingredirects.cache
c:\users\jakub\desktop\opengl_test - copy\opengl_gravitysim\x64\debug\camera.obj
c:\users\jakub\desktop\opengl_test - copy\opengl_gravitysim\x64\debug\opengl_g.9fb3b802.tlog\cl.command.1.tlog
c:\users\jakub\desktop\opengl_test - copy\opengl_gravitysim\x64\debug\opengl_g.9fb3b802.tlog\cl.read.1.tlog
c:\users\jakub\desktop\opengl_test - copy\opengl_gravitysim\x64\debug\opengl_g.9fb3b802.tlog\cl.write.1.tlog
c:\users\jakub\desktop\opengl_test - copy\opengl_gravitysim\x64\debug\opengl_g.9fb3b802.tlog\link.command.1.tlog
c:\users\jakub\desktop\opengl_test - copy\opengl_gravitysim\x64\debug\opengl_g.9fb3b802.tlog\link.read.1.tlog
c:\users\jakub\desktop\opengl_test - copy\opengl_gravitysim\x64\debug\opengl_g.9fb3b802.tlog\link.write.1.tlog
c:\users\jakub\desktop\opengl_test - copy\opengl_gravitysim\x64\debug\opengl_g.9fb3b802.tlog\metagen.write.1.tlog
c:\users\jakub\desktop\opengl_test - copy\opengl_gravitysim\x64\debug\opengl_g.9fb3b802.tlog\opengl_gravitysim.write.1u.tlog
